[4.082s] DEBUG:colcon:Command line arguments: ['/usr/local/bin/colcon', 'build']
[4.083s] DEBUG:colcon:Parsed command line arguments: Namespace(allow_overriding=[], ament_cmake_args=None, base_paths=['.'], build_base='build', catkin_cmake_args=None, catkin_skip_building_tests=False, cmake_args=None, cmake_clean_cache=False, cmake_clean_first=False, cmake_force_configure=False, cmake_target=None, cmake_target_skip_unavailable=False, continue_on_error=False, event_handlers=None, executor='parallel', ignore_user_meta=False, install_base='install', log_base=None, log_level=None, main=<bound method BuildVerb.main of <colcon_core.verb.build.BuildVerb object at 0x7f481e662d30>>, merge_install=False, metas=['./colcon.meta'], packages_above=None, packages_above_and_dependencies=None, packages_above_depth=None, packages_end=None, packages_ignore=None, packages_ignore_regex=None, packages_select=None, packages_select_build_failed=False, packages_select_by_dep=None, packages_select_regex=None, packages_select_test_failures=False, packages_skip=None, packages_skip_build_finished=False, packages_skip_by_dep=None, packages_skip_regex=None, packages_skip_test_passed=False, packages_skip_up_to=None, packages_start=None, packages_up_to=None, packages_up_to_regex=None, parallel_workers=12, paths=None, symlink_install=False, test_result_base=None, verb_extension=<colcon_core.verb.build.BuildVerb object at 0x7f481e662d30>, verb_name='build', verb_parser=<colcon_defaults.argument_parser.defaults.DefaultArgumentsDecorator object at 0x7f481e66c2e0>)
[4.201s] Level 1:colcon.colcon_core.package_discovery:discover_packages(colcon_meta) check parameters
[4.202s] Level 1:colcon.colcon_core.package_discovery:discover_packages(recursive) check parameters
[4.203s] Level 1:colcon.colcon_core.package_discovery:discover_packages(ignore) check parameters
[4.203s] Level 1:colcon.colcon_core.package_discovery:discover_packages(path) check parameters
[4.203s] Level 1:colcon.colcon_core.package_discovery:discover_packages(colcon_meta) discover
[4.204s] Level 1:colcon.colcon_core.package_discovery:discover_packages(recursive) discover
[4.204s] INFO:colcon.colcon_core.package_discovery:Crawling recursively for packages in '/mnt/c/Users/User1/Documents/test/tb3_ws/src/ce215_pkg/ce215_pkg'
[4.207s] Level 1:colcon.colcon_core.package_identification:_identify(.) by extensions ['ignore', 'ignore_ament_install']
[4.208s] Level 1:colcon.colcon_core.package_identification:_identify(.) by extension 'ignore'
[4.210s] Level 1:colcon.colcon_core.package_identification:_identify(.) by extension 'ignore_ament_install'
[4.212s] Level 1:colcon.colcon_core.package_identification:_identify(.) by extensions ['colcon_pkg']
[4.212s] Level 1:colcon.colcon_core.package_identification:_identify(.) by extension 'colcon_pkg'
[4.213s] Level 1:colcon.colcon_core.package_identification:_identify(.) by extensions ['colcon_meta']
[4.213s] Level 1:colcon.colcon_core.package_identification:_identify(.) by extension 'colcon_meta'
[4.214s] Level 1:colcon.colcon_core.package_identification:_identify(.) by extensions ['ros']
[4.214s] Level 1:colcon.colcon_core.package_identification:_identify(.) by extension 'ros'
[4.267s] Level 1:colcon.colcon_core.package_identification:_identify(.) by extensions ['cmake', 'python']
[4.267s] Level 1:colcon.colcon_core.package_identification:_identify(.) by extension 'cmake'
[4.268s] Level 1:colcon.colcon_core.package_identification:_identify(.) by extension 'python'
[4.268s] Level 1:colcon.colcon_core.package_identification:_identify(.) by extensions ['python_setup_py']
[4.269s] Level 1:colcon.colcon_core.package_identification:_identify(.) by extension 'python_setup_py'
[4.276s] Level 1:colcon.colcon_core.package_identification:_identify(__pycache__) by extensions ['ignore', 'ignore_ament_install']
[4.276s] Level 1:colcon.colcon_core.package_identification:_identify(__pycache__) by extension 'ignore'
[4.278s] Level 1:colcon.colcon_core.package_identification:_identify(__pycache__) by extension 'ignore_ament_install'
[4.281s] Level 1:colcon.colcon_core.package_identification:_identify(__pycache__) by extensions ['colcon_pkg']
[4.282s] Level 1:colcon.colcon_core.package_identification:_identify(__pycache__) by extension 'colcon_pkg'
[4.283s] Level 1:colcon.colcon_core.package_identification:_identify(__pycache__) by extensions ['colcon_meta']
[4.283s] Level 1:colcon.colcon_core.package_identification:_identify(__pycache__) by extension 'colcon_meta'
[4.285s] Level 1:colcon.colcon_core.package_identification:_identify(__pycache__) by extensions ['ros']
[4.285s] Level 1:colcon.colcon_core.package_identification:_identify(__pycache__) by extension 'ros'
[4.293s] Level 1:colcon.colcon_core.package_identification:_identify(__pycache__) by extensions ['cmake', 'python']
[4.293s] Level 1:colcon.colcon_core.package_identification:_identify(__pycache__) by extension 'cmake'
[4.295s] Level 1:colcon.colcon_core.package_identification:_identify(__pycache__) by extension 'python'
[4.296s] Level 1:colcon.colcon_core.package_identification:_identify(__pycache__) by extensions ['python_setup_py']
[4.297s] Level 1:colcon.colcon_core.package_identification:_identify(__pycache__) by extension 'python_setup_py'
[4.302s] Level 1:colcon.colcon_core.package_identification:_identify(build) by extensions ['ignore', 'ignore_ament_install']
[4.302s] Level 1:colcon.colcon_core.package_identification:_identify(build) by extension 'ignore'
[4.304s] Level 1:colcon.colcon_core.package_identification:_identify(build) ignored
[4.312s] Level 1:colcon.colcon_core.package_identification:_identify(install) by extensions ['ignore', 'ignore_ament_install']
[4.313s] Level 1:colcon.colcon_core.package_identification:_identify(install) by extension 'ignore'
[4.316s] Level 1:colcon.colcon_core.package_identification:_identify(install) ignored
[4.326s] Level 1:colcon.colcon_core.package_identification:_identify(log) by extensions ['ignore', 'ignore_ament_install']
[4.326s] Level 1:colcon.colcon_core.package_identification:_identify(log) by extension 'ignore'
[4.328s] Level 1:colcon.colcon_core.package_identification:_identify(log) ignored
[4.328s] Level 1:colcon.colcon_core.package_discovery:discover_packages(recursive) using defaults
[4.329s] Level 1:colcon.colcon_core.package_discovery:discover_packages(ignore) discover
[4.329s] Level 1:colcon.colcon_core.package_discovery:discover_packages(ignore) using defaults
[4.330s] Level 1:colcon.colcon_core.package_discovery:discover_packages(path) discover
[4.330s] Level 1:colcon.colcon_core.package_discovery:discover_packages(path) using defaults
[5.148s] INFO:colcon.colcon_core.executor:Executing jobs using 'parallel' executor
[5.167s] DEBUG:colcon.colcon_parallel_executor.executor.parallel:run_until_complete
[5.168s] DEBUG:colcon.colcon_parallel_executor.executor.parallel:closing loop
[5.168s] DEBUG:colcon.colcon_parallel_executor.executor.parallel:loop closed
[5.170s] DEBUG:colcon.colcon_parallel_executor.executor.parallel:run_until_complete finished with '0'
[5.171s] DEBUG:colcon.colcon_core.event_reactor:joining thread
[5.389s] INFO:colcon.colcon_core.plugin_system:Skipping extension 'colcon_notification.desktop_notification.notify_send': Could not find 'notify-send'
[5.390s] INFO:colcon.colcon_core.plugin_system:Skipping extension 'colcon_notification.desktop_notification.terminal_notifier': Not used on non-Darwin systems
[5.390s] INFO:colcon.colcon_core.plugin_system:Skipping extension 'colcon_notification.desktop_notification.win32': Not used on non-Windows systems
[5.391s] INFO:colcon.colcon_notification.desktop_notification:Sending desktop notification using 'notify2'
[5.644s] DEBUG:colcon.colcon_notification.desktop_notification.notify2:Failed to initialize notify2: org.freedesktop.DBus.Error.ServiceUnknown: The name org.freedesktop.Notifications was not provided by any .service files
[5.645s] DEBUG:colcon.colcon_core.event_reactor:joined thread
[5.706s] INFO:colcon.colcon_core.plugin_system:Skipping extension 'colcon_core.shell.bat': Not used on non-Windows systems
[5.706s] INFO:colcon.colcon_core.shell:Creating prefix script '/mnt/c/Users/User1/Documents/test/tb3_ws/src/ce215_pkg/ce215_pkg/install/local_setup.ps1'
[5.717s] INFO:colcon.colcon_core.shell:Creating prefix util module '/mnt/c/Users/User1/Documents/test/tb3_ws/src/ce215_pkg/ce215_pkg/install/_local_setup_util_ps1.py'
[5.728s] INFO:colcon.colcon_core.shell:Creating prefix chain script '/mnt/c/Users/User1/Documents/test/tb3_ws/src/ce215_pkg/ce215_pkg/install/setup.ps1'
[5.970s] INFO:colcon.colcon_core.shell:Creating prefix script '/mnt/c/Users/User1/Documents/test/tb3_ws/src/ce215_pkg/ce215_pkg/install/local_setup.sh'
[5.979s] INFO:colcon.colcon_core.shell:Creating prefix util module '/mnt/c/Users/User1/Documents/test/tb3_ws/src/ce215_pkg/ce215_pkg/install/_local_setup_util_sh.py'
[5.988s] INFO:colcon.colcon_core.shell:Creating prefix chain script '/mnt/c/Users/User1/Documents/test/tb3_ws/src/ce215_pkg/ce215_pkg/install/setup.sh'
[6.235s] INFO:colcon.colcon_core.shell:Creating prefix script '/mnt/c/Users/User1/Documents/test/tb3_ws/src/ce215_pkg/ce215_pkg/install/local_setup.bash'
[6.245s] INFO:colcon.colcon_core.shell:Creating prefix chain script '/mnt/c/Users/User1/Documents/test/tb3_ws/src/ce215_pkg/ce215_pkg/install/setup.bash'
[6.486s] INFO:colcon.colcon_core.shell:Creating prefix script '/mnt/c/Users/User1/Documents/test/tb3_ws/src/ce215_pkg/ce215_pkg/install/local_setup.zsh'
[6.495s] INFO:colcon.colcon_core.shell:Creating prefix chain script '/mnt/c/Users/User1/Documents/test/tb3_ws/src/ce215_pkg/ce215_pkg/install/setup.zsh'
